gpasm-1.4.0 #1107 (May  9 2015) build/sdcc/pr   12-2-2016  22:01:24         PAGE  1


LOC    OBJECT CODE    LINE  SOURCE TEXT
  VALUE

                      00001 ;--------------------------------------------------------
                      00002 ; File Created by SDCC : free open source ANSI-C Compiler
                      00003 ; Version 3.6.0 #9615 (Linux)
                      00004 ;--------------------------------------------------------
                      00005 ; PIC16 port for the Microchip 16-bit core micros
                      00006 ;--------------------------------------------------------
                      00007 
                      00008         .ident "SDCC version 3.6.0 #9615 [pic16 port]"
                      00009         .file   "helloworld_tx.c"
                      00010         list    p=18f4620
                      00011         radix   dec
                      00012 
                      00013 
                      00014 ;--------------------------------------------------------
                      00015 ; public variables in this module
                      00016 ;--------------------------------------------------------
  0000                00017         global  _last_sent
  0000                00018         global  _packets_sent
  0000                00019         global  _setup
  0000                00020         global  _loop
  0000                00021         global  _this_node
  0000                00022         global  _other_node
  0000                00023         global  _interval
                      00024 
                      00025 ;--------------------------------------------------------
                      00026 ; extern variables in this module
                      00027 ;--------------------------------------------------------
  0000                00028         extern  _PORTAbits
  0000                00029         extern  _PORTBbits
  0000                00030         extern  _PORTCbits
  0000                00031         extern  _PORTDbits
  0000                00032         extern  _PORTEbits
  0000                00033         extern  _LATAbits
  0000                00034         extern  _LATBbits
  0000                00035         extern  _LATCbits
  0000                00036         extern  _LATDbits
  0000                00037         extern  _LATEbits
  0000                00038         extern  _DDRAbits
  0000                00039         extern  _TRISAbits
  0000                00040         extern  _DDRBbits
  0000                00041         extern  _TRISBbits
  0000                00042         extern  _DDRCbits
  0000                00043         extern  _TRISCbits
  0000                00044         extern  _DDRDbits
  0000                00045         extern  _TRISDbits
  0000                00046         extern  _DDREbits
  0000                00047         extern  _TRISEbits
  0000                00048         extern  _OSCTUNEbits
  0000                00049         extern  _PIE1bits
  0000                00050         extern  _PIR1bits
  0000                00051         extern  _IPR1bits
  0000                00052         extern  _PIE2bits
  0000                00053         extern  _PIR2bits
gpasm-1.4.0 #1107 (May  9 2015) build/sdcc/pr   12-2-2016  22:01:24         PAGE  2


LOC    OBJECT CODE    LINE  SOURCE TEXT
  VALUE

  0000                00054         extern  _IPR2bits
  0000                00055         extern  _EECON1bits
  0000                00056         extern  _RCSTAbits
  0000                00057         extern  _TXSTAbits
  0000                00058         extern  _T3CONbits
  0000                00059         extern  _CMCONbits
  0000                00060         extern  _CVRCONbits
  0000                00061         extern  _ECCP1ASbits
  0000                00062         extern  _PWM1CONbits
  0000                00063         extern  _BAUDCONbits
  0000                00064         extern  _BAUDCTLbits
  0000                00065         extern  _CCP2CONbits
  0000                00066         extern  _CCP1CONbits
  0000                00067         extern  _ADCON2bits
  0000                00068         extern  _ADCON1bits
  0000                00069         extern  _ADCON0bits
  0000                00070         extern  _SSPCON2bits
  0000                00071         extern  _SSPCON1bits
  0000                00072         extern  _SSPSTATbits
  0000                00073         extern  _T2CONbits
  0000                00074         extern  _T1CONbits
  0000                00075         extern  _RCONbits
  0000                00076         extern  _WDTCONbits
  0000                00077         extern  _HLVDCONbits
  0000                00078         extern  _LVDCONbits
  0000                00079         extern  _OSCCONbits
  0000                00080         extern  _T0CONbits
  0000                00081         extern  _STATUSbits
  0000                00082         extern  _INTCON3bits
  0000                00083         extern  _INTCON2bits
  0000                00084         extern  _INTCONbits
  0000                00085         extern  _STKPTRbits
  0000                00086         extern  _stdin
  0000                00087         extern  _stdout
  0000                00088         extern  _mtime
  0000                00089         extern  _PORTA
  0000                00090         extern  _PORTB
  0000                00091         extern  _PORTC
  0000                00092         extern  _PORTD
  0000                00093         extern  _PORTE
  0000                00094         extern  _LATA
  0000                00095         extern  _LATB
  0000                00096         extern  _LATC
  0000                00097         extern  _LATD
  0000                00098         extern  _LATE
  0000                00099         extern  _DDRA
  0000                00100         extern  _TRISA
  0000                00101         extern  _DDRB
  0000                00102         extern  _TRISB
  0000                00103         extern  _DDRC
  0000                00104         extern  _TRISC
  0000                00105         extern  _DDRD
  0000                00106         extern  _TRISD
gpasm-1.4.0 #1107 (May  9 2015) build/sdcc/pr   12-2-2016  22:01:24         PAGE  3


LOC    OBJECT CODE    LINE  SOURCE TEXT
  VALUE

  0000                00107         extern  _DDRE
  0000                00108         extern  _TRISE
  0000                00109         extern  _OSCTUNE
  0000                00110         extern  _PIE1
  0000                00111         extern  _PIR1
  0000                00112         extern  _IPR1
  0000                00113         extern  _PIE2
  0000                00114         extern  _PIR2
  0000                00115         extern  _IPR2
  0000                00116         extern  _EECON1
  0000                00117         extern  _EECON2
  0000                00118         extern  _EEDATA
  0000                00119         extern  _EEADR
  0000                00120         extern  _EEADRH
  0000                00121         extern  _RCSTA
  0000                00122         extern  _TXSTA
  0000                00123         extern  _TXREG
  0000                00124         extern  _RCREG
  0000                00125         extern  _SPBRG
  0000                00126         extern  _SPBRGH
  0000                00127         extern  _T3CON
  0000                00128         extern  _TMR3
  0000                00129         extern  _TMR3L
  0000                00130         extern  _TMR3H
  0000                00131         extern  _CMCON
  0000                00132         extern  _CVRCON
  0000                00133         extern  _ECCP1AS
  0000                00134         extern  _PWM1CON
  0000                00135         extern  _BAUDCON
  0000                00136         extern  _BAUDCTL
  0000                00137         extern  _CCP2CON
  0000                00138         extern  _CCPR2
  0000                00139         extern  _CCPR2L
  0000                00140         extern  _CCPR2H
  0000                00141         extern  _CCP1CON
  0000                00142         extern  _CCPR1
  0000                00143         extern  _CCPR1L
  0000                00144         extern  _CCPR1H
  0000                00145         extern  _ADCON2
  0000                00146         extern  _ADCON1
  0000                00147         extern  _ADCON0
  0000                00148         extern  _ADRES
  0000                00149         extern  _ADRESL
  0000                00150         extern  _ADRESH
  0000                00151         extern  _SSPCON2
  0000                00152         extern  _SSPCON1
  0000                00153         extern  _SSPSTAT
  0000                00154         extern  _SSPADD
  0000                00155         extern  _SSPBUF
  0000                00156         extern  _T2CON
  0000                00157         extern  _PR2
  0000                00158         extern  _TMR2
  0000                00159         extern  _T1CON
gpasm-1.4.0 #1107 (May  9 2015) build/sdcc/pr   12-2-2016  22:01:24         PAGE  4


LOC    OBJECT CODE    LINE  SOURCE TEXT
  VALUE

  0000                00160         extern  _TMR1
  0000                00161         extern  _TMR1L
  0000                00162         extern  _TMR1H
  0000                00163         extern  _RCON
  0000                00164         extern  _WDTCON
  0000                00165         extern  _HLVDCON
  0000                00166         extern  _LVDCON
  0000                00167         extern  _OSCCON
  0000                00168         extern  _T0CON
  0000                00169         extern  _TMR0
  0000                00170         extern  _TMR0L
  0000                00171         extern  _TMR0H
  0000                00172         extern  _STATUS
  0000                00173         extern  _FSR2L
  0000                00174         extern  _FSR2H
  0000                00175         extern  _PLUSW2
  0000                00176         extern  _PREINC2
  0000                00177         extern  _POSTDEC2
  0000                00178         extern  _POSTINC2
  0000                00179         extern  _INDF2
  0000                00180         extern  _BSR
  0000                00181         extern  _FSR1L
  0000                00182         extern  _FSR1H
  0000                00183         extern  _PLUSW1
  0000                00184         extern  _PREINC1
  0000                00185         extern  _POSTDEC1
  0000                00186         extern  _POSTINC1
  0000                00187         extern  _INDF1
  0000                00188         extern  _WREG
  0000                00189         extern  _FSR0L
  0000                00190         extern  _FSR0H
  0000                00191         extern  _PLUSW0
  0000                00192         extern  _PREINC0
  0000                00193         extern  _POSTDEC0
  0000                00194         extern  _POSTINC0
  0000                00195         extern  _INDF0
  0000                00196         extern  _INTCON3
  0000                00197         extern  _INTCON2
  0000                00198         extern  _INTCON
  0000                00199         extern  _PROD
  0000                00200         extern  _PRODL
  0000                00201         extern  _PRODH
  0000                00202         extern  _TABLAT
  0000                00203         extern  _TBLPTR
  0000                00204         extern  _TBLPTRL
  0000                00205         extern  _TBLPTRH
  0000                00206         extern  _TBLPTRU
  0000                00207         extern  _PC
  0000                00208         extern  _PCL
  0000                00209         extern  _PCLATH
  0000                00210         extern  _PCLATU
  0000                00211         extern  _STKPTR
  0000                00212         extern  _TOS
gpasm-1.4.0 #1107 (May  9 2015) build/sdcc/pr   12-2-2016  22:01:24         PAGE  5


LOC    OBJECT CODE    LINE  SOURCE TEXT
  VALUE

  0000                00213         extern  _TOSL
  0000                00214         extern  _TOSH
  0000                00215         extern  _TOSU
  0000                00216         extern  _millis
  0000                00217         extern  _RF24NH_init
  0000                00218         extern  _RF24N_init
  0000                00219         extern  _RF24N_update
  0000                00220         extern  _RF24N_write_m
  0000                00221         extern  _RF24N_begin_d
  0000                00222         extern  _RF24_init
  0000                00223         extern  _RF24_begin
  0000                00224         extern  _Serial_begin
  0000                00225         extern  _Serial_print
  0000                00226         extern  _Serial_println
                      00227 
                      00228 ;--------------------------------------------------------
                      00229 ;       Equates to used internal registers
                      00230 ;--------------------------------------------------------
  00000FD8            00231 STATUS  equ     0xfd8
  00000FF6            00232 TBLPTRL equ     0xff6
  00000FF7            00233 TBLPTRH equ     0xff7
  00000FF8            00234 TBLPTRU equ     0xff8
  00000FF5            00235 TABLAT  equ     0xff5
  00000FE9            00236 FSR0L   equ     0xfe9
  00000FE1            00237 FSR1L   equ     0xfe1
  00000FD9            00238 FSR2L   equ     0xfd9
  00000FE6            00239 POSTINC1        equ     0xfe6
  00000FE5            00240 POSTDEC1        equ     0xfe5
  00000FE4            00241 PREINC1 equ     0xfe4
  00000FF3            00242 PRODL   equ     0xff3
  00000FF4            00243 PRODH   equ     0xff4
                      00244 
                      00245 
                      00246 ; Internal registers
                      00247 .registers      udata_ovr       0x0000
000000                00248 r0x00   res     1
000001                00249 r0x01   res     1
000002                00250 r0x02   res     1
000003                00251 r0x03   res     1
000004                00252 r0x04   res     1
000005                00253 r0x05   res     1
000006                00254 r0x06   res     1
000007                00255 r0x07   res     1
000008                00256 r0x08   res     1
000009                00257 r0x09   res     1
00000A                00258 r0x0a   res     1
00000B                00259 r0x0b   res     1
                      00260 
                      00261 udata_helloworld_tx_0   udata
000000                00262 _last_sent      res     4
                      00263 
                      00264 udata_helloworld_tx_1   udata
000000                00265 _packets_sent   res     4
gpasm-1.4.0 #1107 (May  9 2015) build/sdcc/pr   12-2-2016  22:01:24         PAGE  6


LOC    OBJECT CODE    LINE  SOURCE TEXT
  VALUE

                      00266 
                      00267 udata_helloworld_tx_2   udata
000000                00268 _loop_payload_2_176     res     8
                      00269 
                      00270 udata_helloworld_tx_3   udata
000000                00271 _loop_header_2_176      res     8
                      00272 
                      00273 ;--------------------------------------------------------
                      00274 ; global & static initialisations
                      00275 ;--------------------------------------------------------
                      00276 ; I code from now on!
                      00277 ; ; Starting pCode block
                      00278 S_helloworld_tx__loop   code
000000                00279 _loop:
                      00280         .line   52; helloworld_tx.c     void loop() {
000000 CFD9 FFE5      00281         MOVFF   FSR2L, POSTDEC1
000004 CFE1 FFD9      00282         MOVFF   FSR1L, FSR2L
000008 C??? F???      00283         MOVFF   r0x00, POSTDEC1
00000C C??? F???      00284         MOVFF   r0x01, POSTDEC1
000010 C??? F???      00285         MOVFF   r0x02, POSTDEC1
000014 C??? F???      00286         MOVFF   r0x03, POSTDEC1
000018 C??? F???      00287         MOVFF   r0x04, POSTDEC1
00001C C??? F???      00288         MOVFF   r0x05, POSTDEC1
000020 C??? F???      00289         MOVFF   r0x06, POSTDEC1
000024 C??? F???      00290         MOVFF   r0x07, POSTDEC1
000028 C??? F???      00291         MOVFF   r0x08, POSTDEC1
00002C C??? F???      00292         MOVFF   r0x09, POSTDEC1
000030 C??? F???      00293         MOVFF   r0x0a, POSTDEC1
000034 C??? F???      00294         MOVFF   r0x0b, POSTDEC1
                      00295         .line   54; helloworld_tx.c     RF24N_update();                          // Check the network re
                            gularly
000038 EC?? F0??      00296         CALL    _RF24N_update
                      00297         .line   57; helloworld_tx.c     now = millis();              // If it's time to send a message, 
                            send it!
00003C EC?? F0??      00298         CALL    _millis
Message[1301]: Using default destination of 0 (Access Bank).
000040 6E??           00299         MOVWF   r0x00
000042 CFF3 F000      00300         MOVFF   PRODL, r0x01
000046 CFF4 F000      00301         MOVFF   PRODH, r0x02
00004A CFE9 F000      00302         MOVFF   FSR0L, r0x03
00004E ????           00303         BANKSEL _last_sent
                      00304         .line   58; helloworld_tx.c     if ( now - last_sent >= interval  )
000050 51??           00305         MOVF    _last_sent, W, B
000052 5C??           00306         SUBWF   r0x00, W
Message[1301]: Using default destination of 0 (Access Bank).
000054 6E??           00307         MOVWF   r0x04
000056 ????           00308         BANKSEL (_last_sent + 1)
000058 51??           00309         MOVF    (_last_sent + 1), W, B
00005A 58??           00310         SUBWFB  r0x01, W
Message[1301]: Using default destination of 0 (Access Bank).
00005C 6E??           00311         MOVWF   r0x05
00005E ????           00312         BANKSEL (_last_sent + 2)
000060 51??           00313         MOVF    (_last_sent + 2), W, B
gpasm-1.4.0 #1107 (May  9 2015) build/sdcc/pr   12-2-2016  22:01:24         PAGE  7


LOC    OBJECT CODE    LINE  SOURCE TEXT
  VALUE

000062 58??           00314         SUBWFB  r0x02, W
Message[1301]: Using default destination of 0 (Access Bank).
000064 6E??           00315         MOVWF   r0x06
000066 ????           00316         BANKSEL (_last_sent + 3)
000068 51??           00317         MOVF    (_last_sent + 3), W, B
00006A 58??           00318         SUBWFB  r0x03, W
Message[1301]: Using default destination of 0 (Access Bank).
00006C 6E??           00319         MOVWF   r0x07
00006E 0E??           00320         MOVLW   LOW(_interval)
Message[1301]: Using default destination of 0 (Access Bank).
000070 6EF6           00321         MOVWF   TBLPTRL
000072 0E??           00322         MOVLW   HIGH(_interval)
Message[1301]: Using default destination of 0 (Access Bank).
000074 6EF7           00323         MOVWF   TBLPTRH
000076 0E??           00324         MOVLW   UPPER(_interval)
Message[1301]: Using default destination of 0 (Access Bank).
000078 6EF8           00325         MOVWF   TBLPTRU
00007A 0009           00326         TBLRD*+ 
00007C CFF5 F000      00327         MOVFF   TABLAT, r0x08
000080 0009           00328         TBLRD*+ 
000082 CFF5 F000      00329         MOVFF   TABLAT, r0x09
000086 0009           00330         TBLRD*+ 
000088 CFF5 F000      00331         MOVFF   TABLAT, r0x0a
00008C 0009           00332         TBLRD*+ 
00008E CFF5 F000      00333         MOVFF   TABLAT, r0x0b
000092 50??           00334         MOVF    r0x0b, W
000094 5C??           00335         SUBWF   r0x07, W
000096 E1??           00336         BNZ     _00123_DS_
000098 50??           00337         MOVF    r0x0a, W
00009A 5C??           00338         SUBWF   r0x06, W
00009C E1??           00339         BNZ     _00123_DS_
00009E 50??           00340         MOVF    r0x09, W
0000A0 5C??           00341         SUBWF   r0x05, W
0000A2 E1??           00342         BNZ     _00123_DS_
0000A4 50??           00343         MOVF    r0x08, W
0000A6 5C??           00344         SUBWF   r0x04, W
0000A8                00345 _00123_DS_:
0000A8 A0D8           00346         BTFSS   STATUS, 0
0000AA D???           00347         BRA     _00115_DS_
                      00348         .line   64; helloworld_tx.c     last_sent = now;
0000AC C??? F???      00349         MOVFF   r0x00, _last_sent
0000B0 C??? F???      00350         MOVFF   r0x01, (_last_sent + 1)
0000B4 C??? F???      00351         MOVFF   r0x02, (_last_sent + 2)
0000B8 C??? F???      00352         MOVFF   r0x03, (_last_sent + 3)
                      00353         .line   66; helloworld_tx.c     Serial_print("Sending...");
0000BC 0E??           00354         MOVLW   UPPER(___str_1)
Message[1301]: Using default destination of 0 (Access Bank).
0000BE 6E??           00355         MOVWF   r0x02
0000C0 0E??           00356         MOVLW   HIGH(___str_1)
Message[1301]: Using default destination of 0 (Access Bank).
0000C2 6E??           00357         MOVWF   r0x01
0000C4 0E??           00358         MOVLW   LOW(___str_1)
Message[1301]: Using default destination of 0 (Access Bank).
gpasm-1.4.0 #1107 (May  9 2015) build/sdcc/pr   12-2-2016  22:01:24         PAGE  8


LOC    OBJECT CODE    LINE  SOURCE TEXT
  VALUE

0000C6 6E??           00359         MOVWF   r0x00
0000C8 50??           00360         MOVF    r0x02, W
Message[1301]: Using default destination of 0 (Access Bank).
0000CA 6EE5           00361         MOVWF   POSTDEC1
0000CC 50??           00362         MOVF    r0x01, W
Message[1301]: Using default destination of 0 (Access Bank).
0000CE 6EE5           00363         MOVWF   POSTDEC1
0000D0 50??           00364         MOVF    r0x00, W
Message[1301]: Using default destination of 0 (Access Bank).
0000D2 6EE5           00365         MOVWF   POSTDEC1
0000D4 EC?? F0??      00366         CALL    _Serial_print
0000D8 0E03           00367         MOVLW   0x03
0000DA 26E1           00368         ADDWF   FSR1L, F
                      00369         .line   68; helloworld_tx.c     payload.ms=  millis();
0000DC EC?? F0??      00370         CALL    _millis
Message[1301]: Using default destination of 0 (Access Bank).
0000E0 6E??           00371         MOVWF   r0x00
0000E2 CFF3 F000      00372         MOVFF   PRODL, r0x01
0000E6 CFF4 F000      00373         MOVFF   PRODH, r0x02
0000EA CFE9 F000      00374         MOVFF   FSR0L, r0x03
0000EE 50??           00375         MOVF    r0x00, W
0000F0 ????           00376         BANKSEL _loop_payload_2_176
0000F2 6F??           00377         MOVWF   _loop_payload_2_176, B
0000F4 50??           00378         MOVF    r0x01, W
0000F6 ????           00379         BANKSEL (_loop_payload_2_176 + 1)
0000F8 6F??           00380         MOVWF   (_loop_payload_2_176 + 1), B
0000FA 50??           00381         MOVF    r0x02, W
0000FC ????           00382         BANKSEL (_loop_payload_2_176 + 2)
0000FE 6F??           00383         MOVWF   (_loop_payload_2_176 + 2), B
000100 50??           00384         MOVF    r0x03, W
000102 ????           00385         BANKSEL (_loop_payload_2_176 + 3)
000104 6F??           00386         MOVWF   (_loop_payload_2_176 + 3), B
                      00387         .line   69; helloworld_tx.c     payload.counter=packets_sent++;
000106 C??? F???      00388         MOVFF   _packets_sent, r0x00
00010A C??? F???      00389         MOVFF   (_packets_sent + 1), r0x01
00010E C??? F???      00390         MOVFF   (_packets_sent + 2), r0x02
000112 C??? F???      00391         MOVFF   (_packets_sent + 3), r0x03
000116 ????           00392         BANKSEL _packets_sent
000118 2B??           00393         INCF    _packets_sent, F, B
00011A E3??           00394         BNC     _00124_DS_
00011C ????           00395         BANKSEL (_packets_sent + 1)
00011E 2B??           00396         INCF    (_packets_sent + 1), F, B
000120 E3??           00397         BNC     _00124_DS_
000122 ????           00398         BANKSEL (_packets_sent + 2)
000124 3F??           00399         INCFSZ  (_packets_sent + 2), F, B
000126 D???           00400         BRA     _10110_DS_
000128 ????           00401         BANKSEL (_packets_sent + 3)
00012A 2B??           00402         INCF    (_packets_sent + 3), F, B
00012C                00403 _10110_DS_:
00012C                00404 _00124_DS_:
00012C 50??           00405         MOVF    r0x00, W
00012E ????           00406         BANKSEL (_loop_payload_2_176 + 4)
000130 6F??           00407         MOVWF   (_loop_payload_2_176 + 4), B
gpasm-1.4.0 #1107 (May  9 2015) build/sdcc/pr   12-2-2016  22:01:24         PAGE  9


LOC    OBJECT CODE    LINE  SOURCE TEXT
  VALUE

000132 50??           00408         MOVF    r0x01, W
000134 ????           00409         BANKSEL (_loop_payload_2_176 + 5)
000136 6F??           00410         MOVWF   (_loop_payload_2_176 + 5), B
000138 50??           00411         MOVF    r0x02, W
00013A ????           00412         BANKSEL (_loop_payload_2_176 + 6)
00013C 6F??           00413         MOVWF   (_loop_payload_2_176 + 6), B
00013E 50??           00414         MOVF    r0x03, W
000140 ????           00415         BANKSEL (_loop_payload_2_176 + 7)
000142 6F??           00416         MOVWF   (_loop_payload_2_176 + 7), B
                      00417         .line   71; helloworld_tx.c     RF24NH_init(&header,/*to node*/ other_node,0);
000144 0E??           00418         MOVLW   HIGH(_loop_header_2_176)
Message[1301]: Using default destination of 0 (Access Bank).
000146 6E??           00419         MOVWF   r0x01
000148 0E??           00420         MOVLW   LOW(_loop_header_2_176)
Message[1301]: Using default destination of 0 (Access Bank).
00014A 6E??           00421         MOVWF   r0x00
00014C 0E80           00422         MOVLW   0x80
Message[1301]: Using default destination of 0 (Access Bank).
00014E 6E??           00423         MOVWF   r0x02
000150 0E??           00424         MOVLW   LOW(_other_node)
Message[1301]: Using default destination of 0 (Access Bank).
000152 6EF6           00425         MOVWF   TBLPTRL
000154 0E??           00426         MOVLW   HIGH(_other_node)
Message[1301]: Using default destination of 0 (Access Bank).
000156 6EF7           00427         MOVWF   TBLPTRH
000158 0E??           00428         MOVLW   UPPER(_other_node)
Message[1301]: Using default destination of 0 (Access Bank).
00015A 6EF8           00429         MOVWF   TBLPTRU
00015C 0009           00430         TBLRD*+ 
00015E CFF5 F000      00431         MOVFF   TABLAT, r0x03
000162 0009           00432         TBLRD*+ 
000164 CFF5 F000      00433         MOVFF   TABLAT, r0x04
000168 0E00           00434         MOVLW   0x00
Message[1301]: Using default destination of 0 (Access Bank).
00016A 6EE5           00435         MOVWF   POSTDEC1
00016C 50??           00436         MOVF    r0x04, W
Message[1301]: Using default destination of 0 (Access Bank).
00016E 6EE5           00437         MOVWF   POSTDEC1
000170 50??           00438         MOVF    r0x03, W
Message[1301]: Using default destination of 0 (Access Bank).
000172 6EE5           00439         MOVWF   POSTDEC1
000174 50??           00440         MOVF    r0x02, W
Message[1301]: Using default destination of 0 (Access Bank).
000176 6EE5           00441         MOVWF   POSTDEC1
000178 50??           00442         MOVF    r0x01, W
Message[1301]: Using default destination of 0 (Access Bank).
00017A 6EE5           00443         MOVWF   POSTDEC1
00017C 50??           00444         MOVF    r0x00, W
Message[1301]: Using default destination of 0 (Access Bank).
00017E 6EE5           00445         MOVWF   POSTDEC1
000180 EC?? F0??      00446         CALL    _RF24NH_init
000184 0E06           00447         MOVLW   0x06
000186 26E1           00448         ADDWF   FSR1L, F
gpasm-1.4.0 #1107 (May  9 2015) build/sdcc/pr   12-2-2016  22:01:24         PAGE 10


LOC    OBJECT CODE    LINE  SOURCE TEXT
  VALUE

                      00449         .line   72; helloworld_tx.c     ok = RF24N_write_m(&header,&payload,sizeof(payload));
000188 0E??           00450         MOVLW   HIGH(_loop_header_2_176)
Message[1301]: Using default destination of 0 (Access Bank).
00018A 6E??           00451         MOVWF   r0x01
00018C 0E??           00452         MOVLW   LOW(_loop_header_2_176)
Message[1301]: Using default destination of 0 (Access Bank).
00018E 6E??           00453         MOVWF   r0x00
000190 0E80           00454         MOVLW   0x80
Message[1301]: Using default destination of 0 (Access Bank).
000192 6E??           00455         MOVWF   r0x02
000194 0E??           00456         MOVLW   HIGH(_loop_payload_2_176)
Message[1301]: Using default destination of 0 (Access Bank).
000196 6E??           00457         MOVWF   r0x04
000198 0E??           00458         MOVLW   LOW(_loop_payload_2_176)
Message[1301]: Using default destination of 0 (Access Bank).
00019A 6E??           00459         MOVWF   r0x03
00019C 0E80           00460         MOVLW   0x80
Message[1301]: Using default destination of 0 (Access Bank).
00019E 6E??           00461         MOVWF   r0x05
0001A0 0E00           00462         MOVLW   0x00
Message[1301]: Using default destination of 0 (Access Bank).
0001A2 6EE5           00463         MOVWF   POSTDEC1
0001A4 0E08           00464         MOVLW   0x08
Message[1301]: Using default destination of 0 (Access Bank).
0001A6 6EE5           00465         MOVWF   POSTDEC1
0001A8 50??           00466         MOVF    r0x05, W
Message[1301]: Using default destination of 0 (Access Bank).
0001AA 6EE5           00467         MOVWF   POSTDEC1
0001AC 50??           00468         MOVF    r0x04, W
Message[1301]: Using default destination of 0 (Access Bank).
0001AE 6EE5           00469         MOVWF   POSTDEC1
0001B0 50??           00470         MOVF    r0x03, W
Message[1301]: Using default destination of 0 (Access Bank).
0001B2 6EE5           00471         MOVWF   POSTDEC1
0001B4 50??           00472         MOVF    r0x02, W
Message[1301]: Using default destination of 0 (Access Bank).
0001B6 6EE5           00473         MOVWF   POSTDEC1
0001B8 50??           00474         MOVF    r0x01, W
Message[1301]: Using default destination of 0 (Access Bank).
0001BA 6EE5           00475         MOVWF   POSTDEC1
0001BC 50??           00476         MOVF    r0x00, W
Message[1301]: Using default destination of 0 (Access Bank).
0001BE 6EE5           00477         MOVWF   POSTDEC1
0001C0 EC?? F0??      00478         CALL    _RF24N_write_m
Message[1301]: Using default destination of 0 (Access Bank).
0001C4 6E??           00479         MOVWF   r0x00
0001C6 0E08           00480         MOVLW   0x08
0001C8 26E1           00481         ADDWF   FSR1L, F
                      00482         .line   73; helloworld_tx.c     if (ok)
0001CA 50??           00483         MOVF    r0x00, W
0001CC E0??           00484         BZ      _00111_DS_
                      00485         .line   74; helloworld_tx.c     Serial_println("ok.");
0001CE 0E??           00486         MOVLW   UPPER(___str_2)
gpasm-1.4.0 #1107 (May  9 2015) build/sdcc/pr   12-2-2016  22:01:24         PAGE 11


LOC    OBJECT CODE    LINE  SOURCE TEXT
  VALUE

Message[1301]: Using default destination of 0 (Access Bank).
0001D0 6E??           00487         MOVWF   r0x02
0001D2 0E??           00488         MOVLW   HIGH(___str_2)
Message[1301]: Using default destination of 0 (Access Bank).
0001D4 6E??           00489         MOVWF   r0x01
0001D6 0E??           00490         MOVLW   LOW(___str_2)
Message[1301]: Using default destination of 0 (Access Bank).
0001D8 6E??           00491         MOVWF   r0x00
0001DA 50??           00492         MOVF    r0x02, W
Message[1301]: Using default destination of 0 (Access Bank).
0001DC 6EE5           00493         MOVWF   POSTDEC1
0001DE 50??           00494         MOVF    r0x01, W
Message[1301]: Using default destination of 0 (Access Bank).
0001E0 6EE5           00495         MOVWF   POSTDEC1
0001E2 50??           00496         MOVF    r0x00, W
Message[1301]: Using default destination of 0 (Access Bank).
0001E4 6EE5           00497         MOVWF   POSTDEC1
0001E6 EC?? F0??      00498         CALL    _Serial_println
0001EA 0E03           00499         MOVLW   0x03
0001EC 26E1           00500         ADDWF   FSR1L, F
0001EE D???           00501         BRA     _00115_DS_
0001F0                00502 _00111_DS_:
                      00503         .line   76; helloworld_tx.c     Serial_println("failed.");
0001F0 0E??           00504         MOVLW   UPPER(___str_3)
Message[1301]: Using default destination of 0 (Access Bank).
0001F2 6E??           00505         MOVWF   r0x02
0001F4 0E??           00506         MOVLW   HIGH(___str_3)
Message[1301]: Using default destination of 0 (Access Bank).
0001F6 6E??           00507         MOVWF   r0x01
0001F8 0E??           00508         MOVLW   LOW(___str_3)
Message[1301]: Using default destination of 0 (Access Bank).
0001FA 6E??           00509         MOVWF   r0x00
0001FC 50??           00510         MOVF    r0x02, W
Message[1301]: Using default destination of 0 (Access Bank).
0001FE 6EE5           00511         MOVWF   POSTDEC1
000200 50??           00512         MOVF    r0x01, W
Message[1301]: Using default destination of 0 (Access Bank).
000202 6EE5           00513         MOVWF   POSTDEC1
000204 50??           00514         MOVF    r0x00, W
Message[1301]: Using default destination of 0 (Access Bank).
000206 6EE5           00515         MOVWF   POSTDEC1
000208 EC?? F0??      00516         CALL    _Serial_println
00020C 0E03           00517         MOVLW   0x03
00020E 26E1           00518         ADDWF   FSR1L, F
000210                00519 _00115_DS_:
000210 CFE4 F000      00520         MOVFF   PREINC1, r0x0b
000214 CFE4 F000      00521         MOVFF   PREINC1, r0x0a
000218 CFE4 F000      00522         MOVFF   PREINC1, r0x09
00021C CFE4 F000      00523         MOVFF   PREINC1, r0x08
000220 CFE4 F000      00524         MOVFF   PREINC1, r0x07
000224 CFE4 F000      00525         MOVFF   PREINC1, r0x06
000228 CFE4 F000      00526         MOVFF   PREINC1, r0x05
00022C CFE4 F000      00527         MOVFF   PREINC1, r0x04
gpasm-1.4.0 #1107 (May  9 2015) build/sdcc/pr   12-2-2016  22:01:24         PAGE 12


LOC    OBJECT CODE    LINE  SOURCE TEXT
  VALUE

000230 CFE4 F000      00528         MOVFF   PREINC1, r0x03
000234 CFE4 F000      00529         MOVFF   PREINC1, r0x02
000238 CFE4 F000      00530         MOVFF   PREINC1, r0x01
00023C CFE4 F000      00531         MOVFF   PREINC1, r0x00
000240 CFE4 FFD9      00532         MOVFF   PREINC1, FSR2L
000244 0012           00533         RETURN  
                      00534 
                      00535 ; ; Starting pCode block
                      00536 S_helloworld_tx__setup  code
000000                00537 _setup:
                      00538         .line   40; helloworld_tx.c     void setup(void)
000000 CFD9 FFE5      00539         MOVFF   FSR2L, POSTDEC1
000004 CFE1 FFD9      00540         MOVFF   FSR1L, FSR2L
000008 C??? F???      00541         MOVFF   r0x00, POSTDEC1
00000C C??? F???      00542         MOVFF   r0x01, POSTDEC1
000010 C??? F???      00543         MOVFF   r0x02, POSTDEC1
                      00544         .line   42; helloworld_tx.c     RF24_init(36,35);
000014 0E23           00545         MOVLW   0x23
Message[1301]: Using default destination of 0 (Access Bank).
000016 6EE5           00546         MOVWF   POSTDEC1
000018 0E24           00547         MOVLW   0x24
Message[1301]: Using default destination of 0 (Access Bank).
00001A 6EE5           00548         MOVWF   POSTDEC1
00001C EC?? F0??      00549         CALL    _RF24_init
000020 52E6           00550         MOVF    POSTINC1, F
000022 52E6           00551         MOVF    POSTINC1, F
                      00552         .line   43; helloworld_tx.c     RF24N_init();
000024 EC?? F0??      00553         CALL    _RF24N_init
                      00554         .line   45; helloworld_tx.c     Serial_begin(57600);
000028 0E00           00555         MOVLW   0x00
Message[1301]: Using default destination of 0 (Access Bank).
00002A 6EE5           00556         MOVWF   POSTDEC1
00002C 0E00           00557         MOVLW   0x00
Message[1301]: Using default destination of 0 (Access Bank).
00002E 6EE5           00558         MOVWF   POSTDEC1
000030 0EE1           00559         MOVLW   0xe1
Message[1301]: Using default destination of 0 (Access Bank).
000032 6EE5           00560         MOVWF   POSTDEC1
000034 0E00           00561         MOVLW   0x00
Message[1301]: Using default destination of 0 (Access Bank).
000036 6EE5           00562         MOVWF   POSTDEC1
000038 EC?? F0??      00563         CALL    _Serial_begin
00003C 0E04           00564         MOVLW   0x04
00003E 26E1           00565         ADDWF   FSR1L, F
                      00566         .line   46; helloworld_tx.c     Serial_println("RF24Network/examples/helloworld_tx/");
000040 0E??           00567         MOVLW   UPPER(___str_0)
Message[1301]: Using default destination of 0 (Access Bank).
000042 6E??           00568         MOVWF   r0x02
000044 0E??           00569         MOVLW   HIGH(___str_0)
Message[1301]: Using default destination of 0 (Access Bank).
000046 6E??           00570         MOVWF   r0x01
000048 0E??           00571         MOVLW   LOW(___str_0)
Message[1301]: Using default destination of 0 (Access Bank).
gpasm-1.4.0 #1107 (May  9 2015) build/sdcc/pr   12-2-2016  22:01:24         PAGE 13


LOC    OBJECT CODE    LINE  SOURCE TEXT
  VALUE

00004A 6E??           00572         MOVWF   r0x00
00004C 50??           00573         MOVF    r0x02, W
Message[1301]: Using default destination of 0 (Access Bank).
00004E 6EE5           00574         MOVWF   POSTDEC1
000050 50??           00575         MOVF    r0x01, W
Message[1301]: Using default destination of 0 (Access Bank).
000052 6EE5           00576         MOVWF   POSTDEC1
000054 50??           00577         MOVF    r0x00, W
Message[1301]: Using default destination of 0 (Access Bank).
000056 6EE5           00578         MOVWF   POSTDEC1
000058 EC?? F0??      00579         CALL    _Serial_println
00005C 0E03           00580         MOVLW   0x03
00005E 26E1           00581         ADDWF   FSR1L, F
                      00582         .line   48; helloworld_tx.c     RF24_begin();
000060 EC?? F0??      00583         CALL    _RF24_begin
                      00584         .line   49; helloworld_tx.c     RF24N_begin_d(/*channel*/ 90, /*node address*/ this_node);
000064 0E??           00585         MOVLW   LOW(_this_node)
Message[1301]: Using default destination of 0 (Access Bank).
000066 6EF6           00586         MOVWF   TBLPTRL
000068 0E??           00587         MOVLW   HIGH(_this_node)
Message[1301]: Using default destination of 0 (Access Bank).
00006A 6EF7           00588         MOVWF   TBLPTRH
00006C 0E??           00589         MOVLW   UPPER(_this_node)
Message[1301]: Using default destination of 0 (Access Bank).
00006E 6EF8           00590         MOVWF   TBLPTRU
000070 0009           00591         TBLRD*+ 
000072 CFF5 F000      00592         MOVFF   TABLAT, r0x00
000076 0009           00593         TBLRD*+ 
000078 CFF5 F000      00594         MOVFF   TABLAT, r0x01
00007C 50??           00595         MOVF    r0x01, W
Message[1301]: Using default destination of 0 (Access Bank).
00007E 6EE5           00596         MOVWF   POSTDEC1
000080 50??           00597         MOVF    r0x00, W
Message[1301]: Using default destination of 0 (Access Bank).
000082 6EE5           00598         MOVWF   POSTDEC1
000084 0E5A           00599         MOVLW   0x5a
Message[1301]: Using default destination of 0 (Access Bank).
000086 6EE5           00600         MOVWF   POSTDEC1
000088 EC?? F0??      00601         CALL    _RF24N_begin_d
00008C 0E03           00602         MOVLW   0x03
00008E 26E1           00603         ADDWF   FSR1L, F
000090 CFE4 F000      00604         MOVFF   PREINC1, r0x02
000094 CFE4 F000      00605         MOVFF   PREINC1, r0x01
000098 CFE4 F000      00606         MOVFF   PREINC1, r0x00
00009C CFE4 FFD9      00607         MOVFF   PREINC1, FSR2L
0000A0 0012           00608         RETURN  
                      00609 
                      00610 ; ; Starting pCode block for Ival
                      00611         code
000000                00612 _this_node:
000000 0001           00613         DB      0x01, 0x00
                      00614 ; ; Starting pCode block for Ival
000002                00615 _other_node:
gpasm-1.4.0 #1107 (May  9 2015) build/sdcc/pr   12-2-2016  22:01:24         PAGE 14


LOC    OBJECT CODE    LINE  SOURCE TEXT
  VALUE

000002 0000           00616         DB      0x00, 0x00
                      00617 ; ; Starting pCode block for Ival
000004                00618 _interval:
000004 07D0 0000      00619         DB      0xd0, 0x07, 0x00, 0x00
                      00620 ; ; Starting pCode block
000008                00621 ___str_0:
000008 4652 3432 654E 00622         DB      0x52, 0x46, 0x32, 0x34, 0x4e, 0x65, 0x74, 0x77, 0x6f, 0x72, 0x6b, 0x2f
       7774 726F 2F6B 
000014 7865 6D61 6C70 00623         DB      0x65, 0x78, 0x61, 0x6d, 0x70, 0x6c, 0x65, 0x73, 0x2f, 0x68, 0x65, 0x6c
       7365 682F 6C65 
000020 6F6C 6F77 6C72 00624         DB      0x6c, 0x6f, 0x77, 0x6f, 0x72, 0x6c, 0x64, 0x5f, 0x74, 0x78, 0x2f, 0x00
       5F64 7874 002F 
                      00625 ; ; Starting pCode block
00002C                00626 ___str_1:
00002C 6553 646E 6E69 00627         DB      0x53, 0x65, 0x6e, 0x64, 0x69, 0x6e, 0x67, 0x2e, 0x2e, 0x2e, 0x00
       2E67 2E2E 0000 
                      00628 ; ; Starting pCode block
000038                00629 ___str_2:
000038 6B6F 002E      00630         DB      0x6f, 0x6b, 0x2e, 0x00
                      00631 ; ; Starting pCode block
00003C                00632 ___str_3:
00003C 6166 6C69 6465 00633         DB      0x66, 0x61, 0x69, 0x6c, 0x65, 0x64, 0x2e, 0x00
       002E           
                      00634 
                      00635 
                      00636 ; Statistics:
                      00637 ; code size:      764 (0x02fc) bytes ( 0.58%)
                      00638 ;                 382 (0x017e) words
                      00639 ; udata size:      24 (0x0018) bytes ( 0.62%)
                      00640 ; access size:     12 (0x000c) bytes
                      00641 
                      00642 
                      00643         end
gpasm-1.4.0 #1107 (May  9 2015) build/sdcc/pr   12-2-2016  22:01:24         PAGE 15


SYMBOL TABLE
  LABEL                             VALUE

FSR0L                             00000FE9
FSR1L                             00000FE1
FSR2L                             00000FD9
POSTDEC1                          00000FE5
POSTINC1                          00000FE6
PREINC1                           00000FE4
PRODH                             00000FF4
PRODL                             00000FF3
STATUS                            00000FD8
TABLAT                            00000FF5
TBLPTRH                           00000FF7
TBLPTRL                           00000FF6
TBLPTRU                           00000FF8
_00111_DS_                        000001F0
_00115_DS_                        00000210
_00123_DS_                        000000A8
_00124_DS_                        0000012C
_10110_DS_                        0000012C
_ADCON0                           00000000
_ADCON0bits                       00000000
_ADCON1                           00000000
_ADCON1bits                       00000000
_ADCON2                           00000000
_ADCON2bits                       00000000
_ADRES                            00000000
_ADRESH                           00000000
_ADRESL                           00000000
_BAUDCON                          00000000
_BAUDCONbits                      00000000
_BAUDCTL                          00000000
_BAUDCTLbits                      00000000
_BSR                              00000000
_CCP1CON                          00000000
_CCP1CONbits                      00000000
_CCP2CON                          00000000
_CCP2CONbits                      00000000
_CCPR1                            00000000
_CCPR1H                           00000000
_CCPR1L                           00000000
_CCPR2                            00000000
_CCPR2H                           00000000
_CCPR2L                           00000000
_CMCON                            00000000
_CMCONbits                        00000000
_CVRCON                           00000000
_CVRCONbits                       00000000
_DDRA                             00000000
_DDRAbits                         00000000
_DDRB                             00000000
_DDRBbits                         00000000
_DDRC                             00000000
_DDRCbits                         00000000
_DDRD                             00000000
gpasm-1.4.0 #1107 (May  9 2015) build/sdcc/pr   12-2-2016  22:01:24         PAGE 16


SYMBOL TABLE
  LABEL                             VALUE 

_DDRDbits                         00000000
_DDRE                             00000000
_DDREbits                         00000000
_ECCP1AS                          00000000
_ECCP1ASbits                      00000000
_EEADR                            00000000
_EEADRH                           00000000
_EECON1                           00000000
_EECON1bits                       00000000
_EECON2                           00000000
_EEDATA                           00000000
_FSR0H                            00000000
_FSR0L                            00000000
_FSR1H                            00000000
_FSR1L                            00000000
_FSR2H                            00000000
_FSR2L                            00000000
_HLVDCON                          00000000
_HLVDCONbits                      00000000
_INDF0                            00000000
_INDF1                            00000000
_INDF2                            00000000
_INTCON                           00000000
_INTCON2                          00000000
_INTCON2bits                      00000000
_INTCON3                          00000000
_INTCON3bits                      00000000
_INTCONbits                       00000000
_IPR1                             00000000
_IPR1bits                         00000000
_IPR2                             00000000
_IPR2bits                         00000000
_LATA                             00000000
_LATAbits                         00000000
_LATB                             00000000
_LATBbits                         00000000
_LATC                             00000000
_LATCbits                         00000000
_LATD                             00000000
_LATDbits                         00000000
_LATE                             00000000
_LATEbits                         00000000
_LVDCON                           00000000
_LVDCONbits                       00000000
_OSCCON                           00000000
_OSCCONbits                       00000000
_OSCTUNE                          00000000
_OSCTUNEbits                      00000000
_PC                               00000000
_PCL                              00000000
_PCLATH                           00000000
_PCLATU                           00000000
_PIE1                             00000000
gpasm-1.4.0 #1107 (May  9 2015) build/sdcc/pr   12-2-2016  22:01:24         PAGE 17


SYMBOL TABLE
  LABEL                             VALUE 

_PIE1bits                         00000000
_PIE2                             00000000
_PIE2bits                         00000000
_PIR1                             00000000
_PIR1bits                         00000000
_PIR2                             00000000
_PIR2bits                         00000000
_PLUSW0                           00000000
_PLUSW1                           00000000
_PLUSW2                           00000000
_PORTA                            00000000
_PORTAbits                        00000000
_PORTB                            00000000
_PORTBbits                        00000000
_PORTC                            00000000
_PORTCbits                        00000000
_PORTD                            00000000
_PORTDbits                        00000000
_PORTE                            00000000
_PORTEbits                        00000000
_POSTDEC0                         00000000
_POSTDEC1                         00000000
_POSTDEC2                         00000000
_POSTINC0                         00000000
_POSTINC1                         00000000
_POSTINC2                         00000000
_PR2                              00000000
_PREINC0                          00000000
_PREINC1                          00000000
_PREINC2                          00000000
_PROD                             00000000
_PRODH                            00000000
_PRODL                            00000000
_PWM1CON                          00000000
_PWM1CONbits                      00000000
_RCON                             00000000
_RCONbits                         00000000
_RCREG                            00000000
_RCSTA                            00000000
_RCSTAbits                        00000000
_RF24NH_init                      00000000
_RF24N_begin_d                    00000000
_RF24N_init                       00000000
_RF24N_update                     00000000
_RF24N_write_m                    00000000
_RF24_begin                       00000000
_RF24_init                        00000000
_SPBRG                            00000000
_SPBRGH                           00000000
_SSPADD                           00000000
_SSPBUF                           00000000
_SSPCON1                          00000000
_SSPCON1bits                      00000000
gpasm-1.4.0 #1107 (May  9 2015) build/sdcc/pr   12-2-2016  22:01:24         PAGE 18


SYMBOL TABLE
  LABEL                             VALUE 

_SSPCON2                          00000000
_SSPCON2bits                      00000000
_SSPSTAT                          00000000
_SSPSTATbits                      00000000
_STATUS                           00000000
_STATUSbits                       00000000
_STKPTR                           00000000
_STKPTRbits                       00000000
_Serial_begin                     00000000
_Serial_print                     00000000
_Serial_println                   00000000
_T0CON                            00000000
_T0CONbits                        00000000
_T1CON                            00000000
_T1CONbits                        00000000
_T2CON                            00000000
_T2CONbits                        00000000
_T3CON                            00000000
_T3CONbits                        00000000
_TABLAT                           00000000
_TBLPTR                           00000000
_TBLPTRH                          00000000
_TBLPTRL                          00000000
_TBLPTRU                          00000000
_TMR0                             00000000
_TMR0H                            00000000
_TMR0L                            00000000
_TMR1                             00000000
_TMR1H                            00000000
_TMR1L                            00000000
_TMR2                             00000000
_TMR3                             00000000
_TMR3H                            00000000
_TMR3L                            00000000
_TOS                              00000000
_TOSH                             00000000
_TOSL                             00000000
_TOSU                             00000000
_TRISA                            00000000
_TRISAbits                        00000000
_TRISB                            00000000
_TRISBbits                        00000000
_TRISC                            00000000
_TRISCbits                        00000000
_TRISD                            00000000
_TRISDbits                        00000000
_TRISE                            00000000
_TRISEbits                        00000000
_TXREG                            00000000
_TXSTA                            00000000
_TXSTAbits                        00000000
_WDTCON                           00000000
_WDTCONbits                       00000000
gpasm-1.4.0 #1107 (May  9 2015) build/sdcc/pr   12-2-2016  22:01:24         PAGE 19


SYMBOL TABLE
  LABEL                             VALUE 

_WREG                             00000000
__18F4620                         00000001
__ACC_RAM_LOW_END                 0000007F
__CODE_END                        0000FFFF
__CODE_START                      00000000
__EEPROM_END                      00F003FF
__EEPROM_START                    00F00000
__VECTOR_INT_HIGH                 00000008
__VECTOR_INT_LOW                  00000018
__VECTOR_RESET                    00000000
___str_0                          00000008
___str_1                          0000002C
___str_2                          00000038
___str_3                          0000003C
_interval                         00000004
_last_sent                        00000000
_loop                             00000000
_loop_header_2_176                00000000
_loop_payload_2_176               00000000
_millis                           00000000
_mtime                            00000000
_other_node                       00000002
_packets_sent                     00000000
_setup                            00000000
_stdin                            00000000
_stdout                           00000000
_this_node                        00000000
r0x00                             00000000
r0x01                             00000001
r0x02                             00000002
r0x03                             00000003
r0x04                             00000004
r0x05                             00000005
r0x06                             00000006
r0x07                             00000007
r0x08                             00000008
r0x09                             00000009
r0x0a                             0000000A
r0x0b                             0000000B

Errors   :     0
Warnings :     0 reported,     0 suppressed
Messages :    72 reported,     0 suppressed

